
> honorlineadmin@0.1.0 dev
> next dev

▲ Next.js 16.2.4 (Turbopack)
- Local:         http://localhost:3000
- Network:       http://10.2.0.2:3000
✓ Ready in 1716ms
Creating turbopack project {
  dir: 'C:\\Users\\eeli5\\Desktop\\myProjects\\HonorLine\\honorlineadmin',
  testMode: true
}

 GET / 200 in 1238ms (next.js: 843ms, application-code: 395ms)
 GET / 200 in 1626ms (next.js: 1447ms, application-code: 180ms)
 GET / 200 in 52ms (next.js: 6ms, application-code: 46ms)
 GET / 200 in 210ms (next.js: 6ms, application-code: 204ms)
 GET / 200 in 103ms (next.js: 13ms, application-code: 90ms)
 GET / 200 in 91ms (next.js: 20ms, application-code: 71ms)
 GET / 200 in 63ms (next.js: 6ms, application-code: 57ms)
 GET / 200 in 69ms (next.js: 10ms, application-code: 59ms)
 GET / 200 in 102ms (next.js: 10ms, application-code: 92ms)
✓ Compiled in 681ms
 GET / 200 in 1183ms (next.js: 777ms, application-code: 406ms)
 GET / 404 in 1264ms (next.js: 1171ms, application-code: 93ms)
 GET / 200 in 70ms (next.js: 39ms, application-code: 31ms)
 GET / 200 in 20ms (next.js: 2ms, application-code: 18ms)
 GET / 200 in 106ms (next.js: 47ms, application-code: 59ms)
 GET / 200 in 78ms (next.js: 19ms, application-code: 60ms)
 GET / 200 in 79ms (next.js: 35ms, application-code: 44ms)
 GET / 200 in 139ms (next.js: 3ms, application-code: 136ms)
 GET / 200 in 98ms (next.js: 5ms, application-code: 93ms)
 GET / 200 in 97ms (next.js: 53ms, application-code: 43ms)
 GET / 200 in 123ms (next.js: 93ms, application-code: 30ms)
 GET / 200 in 23ms (next.js: 2ms, application-code: 21ms)
 GET / 200 in 243ms (next.js: 7ms, application-code: 235ms)
 GET /products 200 in 836ms (next.js: 782ms, application-code: 53ms)
 GET /categories 200 in 875ms (next.js: 844ms, application-code: 31ms)
 GET /categories 200 in 63ms (next.js: 6ms, application-code: 58ms)
 GET /dashboard 200 in 696ms (next.js: 669ms, application-code: 27ms)
 GET /products 200 in 31ms (next.js: 5ms, application-code: 26ms)
 GET /categories 200 in 46ms (next.js: 4ms, application-code: 41ms)
 GET /cables 200 in 744ms (next.js: 686ms, application-code: 58ms)
 GET /payments 200 in 584ms (next.js: 548ms, application-code: 36ms)
 GET /sales 200 in 708ms (next.js: 680ms, application-code: 28ms)
 GET /workers 200 in 658ms (next.js: 623ms, application-code: 35ms)
 GET /contacts 200 in 867ms (next.js: 814ms, application-code: 53ms)
 GET /categories 200 in 36ms (next.js: 5ms, application-code: 31ms)
 GET /products 200 in 33ms (next.js: 5ms, application-code: 27ms)
 GET /dashboard 200 in 26ms (next.js: 4ms, application-code: 22ms)
 GET /dashboard 200 in 53ms (next.js: 5ms, application-code: 48ms)
 GET /dashboard 200 in 46ms (next.js: 4ms, application-code: 42ms)
 GET /dashboard 200 in 88ms (next.js: 6ms, application-code: 82ms)
 GET /dashboard 200 in 201ms (next.js: 8ms, application-code: 193ms)
 GET /workers 200 in 100ms (next.js: 26ms, application-code: 75ms)
 GET /dashboard 200 in 60ms (next.js: 11ms, application-code: 48ms)
 GET /products 200 in 63ms (next.js: 13ms, application-code: 50ms)
 GET /products 200 in 355ms (next.js: 35ms, application-code: 319ms)
 GET /sales 200 in 77ms (next.js: 14ms, application-code: 63ms)
 GET /products 200 in 49ms (next.js: 13ms, application-code: 35ms)
 GET /dashboard 200 in 80ms (next.js: 14ms, application-code: 67ms)
 GET /products 200 in 213ms (next.js: 5ms, application-code: 208ms)
✓ Compiled in 2.4s
✓ Compiled in 1332ms
 GET /products 200 in 485ms (next.js: 326ms, application-code: 159ms)
 GET /products 200 in 50ms (next.js: 17ms, application-code: 33ms)
 GET /products 200 in 205ms (next.js: 7ms, application-code: 198ms)
 GET /products 200 in 150ms (next.js: 3ms, application-code: 147ms)
 GET /products 200 in 176ms (next.js: 26ms, application-code: 150ms)
 GET /products 200 in 176ms (next.js: 53ms, application-code: 123ms)
 GET /products 200 in 178ms (next.js: 79ms, application-code: 99ms)
 GET /products 200 in 182ms (next.js: 5ms, application-code: 177ms)
 GET /products 200 in 98ms (next.js: 6ms, application-code: 92ms)
 GET /products 200 in 67ms (next.js: 3ms, application-code: 63ms)
 GET /products 200 in 31ms (next.js: 3ms, application-code: 28ms)
✓ Compiled in 1002ms
 GET /products 200 in 432ms (next.js: 144ms, application-code: 287ms)
 GET /products 200 in 238ms (next.js: 3ms, application-code: 236ms)
 GET /products 200 in 223ms (next.js: 27ms, application-code: 196ms)
 GET /products 200 in 225ms (next.js: 6ms, application-code: 219ms)
 GET /products 200 in 245ms (next.js: 166ms, application-code: 79ms)
 GET /products 200 in 246ms (next.js: 114ms, application-code: 132ms)
 GET /products 200 in 134ms (next.js: 4ms, application-code: 130ms)
 GET /products 200 in 113ms (next.js: 4ms, application-code: 109ms)
 GET /products 200 in 106ms (next.js: 5ms, application-code: 101ms)
 GET /products 200 in 124ms (next.js: 32ms, application-code: 92ms)
 GET /products 200 in 125ms (next.js: 54ms, application-code: 71ms)
 GET /products 200 in 163ms (next.js: 4ms, application-code: 159ms)
 GET /products 200 in 144ms (next.js: 4ms, application-code: 140ms)
 GET /products 200 in 126ms (next.js: 6ms, application-code: 120ms)
 GET /products 200 in 163ms (next.js: 6ms, application-code: 157ms)
 GET /products 200 in 161ms (next.js: 62ms, application-code: 100ms)
 GET /products 200 in 163ms (next.js: 30ms, application-code: 133ms)
 GET /products 200 in 74ms (next.js: 6ms, application-code: 68ms)
 GET /products 200 in 41ms (next.js: 4ms, application-code: 38ms)
✓ Compiled in 1066ms
 GET /products 200 in 64ms (next.js: 6ms, application-code: 57ms)
 GET /products 200 in 37ms (next.js: 3ms, application-code: 34ms)
 GET /products 200 in 116ms (next.js: 3ms, application-code: 113ms)
 GET /products 200 in 94ms (next.js: 3ms, application-code: 91ms)
 GET /products 200 in 72ms (next.js: 8ms, application-code: 65ms)
 GET /products 200 in 120ms (next.js: 4ms, application-code: 116ms)
 GET /products 200 in 122ms (next.js: 4ms, application-code: 118ms)
 GET /products 200 in 92ms (next.js: 4ms, application-code: 88ms)
 GET /products 200 in 93ms (next.js: 34ms, application-code: 59ms)
 GET /products 200 in 35ms (next.js: 6ms, application-code: 29ms)
 GET / 200 in 383ms (next.js: 176ms, application-code: 206ms)
 GET /dashboard 200 in 230ms (next.js: 121ms, application-code: 110ms)
 GET /products 200 in 40ms (next.js: 3ms, application-code: 38ms)
 GET /categories 200 in 242ms (next.js: 118ms, application-code: 123ms)
 GET /contacts 200 in 231ms (next.js: 114ms, application-code: 117ms)
 GET /workers 200 in 248ms (next.js: 123ms, application-code: 125ms)
 GET /customers 200 in 1321ms (next.js: 1261ms, application-code: 60ms)
 GET /holds 200 in 883ms (next.js: 759ms, application-code: 124ms)
 GET /sales 200 in 390ms (next.js: 200ms, application-code: 190ms)
 GET /payments 200 in 472ms (next.js: 228ms, application-code: 244ms)
 GET /cables 200 in 389ms (next.js: 240ms, application-code: 149ms)
 GET /products 200 in 166ms (next.js: 16ms, application-code: 150ms)
 GET /dashboard 200 in 146ms (next.js: 25ms, application-code: 120ms)
 GET /products 200 in 55ms (next.js: 7ms, application-code: 48ms)
 GET /categories 200 in 67ms (next.js: 11ms, application-code: 56ms)
 GET /dashboard 200 in 92ms (next.js: 10ms, application-code: 82ms)
 GET /dashboard 200 in 66ms (next.js: 7ms, application-code: 60ms)
 GET /dashboard 200 in 68ms (next.js: 11ms, application-code: 58ms)
 GET /dashboard 200 in 48ms (next.js: 9ms, application-code: 39ms)
 GET /dashboard 200 in 36ms (next.js: 8ms, application-code: 27ms)
 GET /dashboard 200 in 61ms (next.js: 7ms, application-code: 55ms)
 GET /products 200 in 71ms (next.js: 8ms, application-code: 63ms)
 GET /cables 200 in 100ms (next.js: 45ms, application-code: 55ms)
 GET /dashboard 200 in 111ms (next.js: 8ms, application-code: 103ms)
 GET /dashboard 200 in 31ms (next.js: 8ms, application-code: 23ms)
 GET /dashboard 200 in 62ms (next.js: 10ms, application-code: 52ms)
 GET /dashboard 200 in 21ms (next.js: 5ms, application-code: 16ms)
 GET /dashboard 200 in 50ms (next.js: 5ms, application-code: 45ms)
 GET /dashboard 200 in 29ms (next.js: 10ms, application-code: 19ms)
 GET /dashboard 200 in 57ms (next.js: 8ms, application-code: 49ms)
 GET /products 200 in 75ms (next.js: 13ms, application-code: 62ms)
 GET /payments 200 in 654ms (next.js: 170ms, application-code: 483ms)
 GET /payments 200 in 100ms (next.js: 13ms, application-code: 86ms)
 GET /customers 200 in 300ms (next.js: 32ms, application-code: 268ms)
 GET /workers 200 in 142ms (next.js: 33ms, application-code: 110ms)
 GET /categories 200 in 252ms (next.js: 25ms, application-code: 227ms)
 GET /products 200 in 112ms (next.js: 27ms, application-code: 84ms)
 GET /dashboard 200 in 91ms (next.js: 19ms, application-code: 72ms)
